<?xml version="1.0" encoding="UTF-8"?>
<testsuite name="edu.coursera.distributed.SparkTest" time="0.916" tests="6" errors="6" skipped="0" failures="0">
  <properties>
[...]
</properties>
  <testcase name="testUniformTwentyThousand" classname="edu.coursera.distributed.SparkTest" time="0.459">
    <error message="getSubject is supported only if a security manager is allowed" type="java.lang.UnsupportedOperationException"><![CDATA[java.lang.UnsupportedOperationException: getSubject is supported only if a security manager is allowed
	at java.base/javax.security.auth.Subject.getSubject(Subject.java:347)
	at org.apache.hadoop.security.UserGroupInformation.getCurrentUser(UserGroupInformation.java:569)
	at org.apache.spark.util.Utils$$anonfun$getCurrentUserName$1.apply(Utils.scala:2160)
	at org.apache.spark.util.Utils$$anonfun$getCurrentUserName$1.apply(Utils.scala:2160)
	at scala.Option.getOrElse(Option.scala:120)
	at org.apache.spark.util.Utils$.getCurrentUserName(Utils.scala:2160)
	at org.apache.spark.SparkContext.<init>(SparkContext.scala:322)
	at org.apache.spark.api.java.JavaSparkContext.<init>(JavaSparkContext.scala:59)
	at edu.coursera.distributed.SparkTest.getSparkContext(SparkTest.java:38)
	at edu.coursera.distributed.SparkTest.testDriver(SparkTest.java:170)
	at edu.coursera.distributed.SparkTest.testUniformTwentyThousand(SparkTest.java:239)
]]></error>
    <system-err><![CDATA[Running the PageRank algorithm for 5 iterations on a website graph of 20000 websites

Using Spark's default log4j profile: org/apache/spark/log4j-defaults.properties
]]></system-err>
  </testcase>
  <testcase name="testUniformFiftyThousand" classname="edu.coursera.distributed.SparkTest" time="0.2">
    <error message="getSubject is supported only if a security manager is allowed" type="java.lang.UnsupportedOperationException"><![CDATA[java.lang.UnsupportedOperationException: getSubject is supported only if a security manager is allowed
	at java.base/javax.security.auth.Subject.getSubject(Subject.java:347)
	at org.apache.hadoop.security.UserGroupInformation.getCurrentUser(UserGroupInformation.java:569)
	at org.apache.spark.util.Utils$$anonfun$getCurrentUserName$1.apply(Utils.scala:2160)
	at org.apache.spark.util.Utils$$anonfun$getCurrentUserName$1.apply(Utils.scala:2160)
	at scala.Option.getOrElse(Option.scala:120)
	at org.apache.spark.util.Utils$.getCurrentUserName(Utils.scala:2160)
	at org.apache.spark.SparkContext.<init>(SparkContext.scala:322)
	at org.apache.spark.api.java.JavaSparkContext.<init>(JavaSparkContext.scala:59)
	at edu.coursera.distributed.SparkTest.getSparkContext(SparkTest.java:38)
	at edu.coursera.distributed.SparkTest.testDriver(SparkTest.java:170)
	at edu.coursera.distributed.SparkTest.testUniformFiftyThousand(SparkTest.java:250)
]]></error>
    <system-err><![CDATA[Running the PageRank algorithm for 5 iterations on a website graph of 50000 websites

]]></system-err>
  </testcase>
  <testcase name="testIncreasingTwentyThousand" classname="edu.coursera.distributed.SparkTest" time="0.033">
    <error message="getSubject is supported only if a security manager is allowed" type="java.lang.UnsupportedOperationException"><![CDATA[java.lang.UnsupportedOperationException: getSubject is supported only if a security manager is allowed
	at java.base/javax.security.auth.Subject.getSubject(Subject.java:347)
	at org.apache.hadoop.security.UserGroupInformation.getCurrentUser(UserGroupInformation.java:569)
	at org.apache.spark.util.Utils$$anonfun$getCurrentUserName$1.apply(Utils.scala:2160)
	at org.apache.spark.util.Utils$$anonfun$getCurrentUserName$1.apply(Utils.scala:2160)
	at scala.Option.getOrElse(Option.scala:120)
	at org.apache.spark.util.Utils$.getCurrentUserName(Utils.scala:2160)
	at org.apache.spark.SparkContext.<init>(SparkContext.scala:322)
	at org.apache.spark.api.java.JavaSparkContext.<init>(JavaSparkContext.scala:59)
	at edu.coursera.distributed.SparkTest.getSparkContext(SparkTest.java:38)
	at edu.coursera.distributed.SparkTest.testDriver(SparkTest.java:170)
	at edu.coursera.distributed.SparkTest.testIncreasingTwentyThousand(SparkTest.java:261)
]]></error>
    <system-err><![CDATA[Running the PageRank algorithm for 5 iterations on a website graph of 20000 websites

]]></system-err>
  </testcase>
  <testcase name="testIncreasingFiftyThousand" classname="edu.coursera.distributed.SparkTest" time="0.103">
    <error message="getSubject is supported only if a security manager is allowed" type="java.lang.UnsupportedOperationException"><![CDATA[java.lang.UnsupportedOperationException: getSubject is supported only if a security manager is allowed
	at java.base/javax.security.auth.Subject.getSubject(Subject.java:347)
	at org.apache.hadoop.security.UserGroupInformation.getCurrentUser(UserGroupInformation.java:569)
	at org.apache.spark.util.Utils$$anonfun$getCurrentUserName$1.apply(Utils.scala:2160)
	at org.apache.spark.util.Utils$$anonfun$getCurrentUserName$1.apply(Utils.scala:2160)
	at scala.Option.getOrElse(Option.scala:120)
	at org.apache.spark.util.Utils$.getCurrentUserName(Utils.scala:2160)
	at org.apache.spark.SparkContext.<init>(SparkContext.scala:322)
	at org.apache.spark.api.java.JavaSparkContext.<init>(JavaSparkContext.scala:59)
	at edu.coursera.distributed.SparkTest.getSparkContext(SparkTest.java:38)
	at edu.coursera.distributed.SparkTest.testDriver(SparkTest.java:170)
	at edu.coursera.distributed.SparkTest.testIncreasingFiftyThousand(SparkTest.java:272)
]]></error>
    <system-err><![CDATA[Running the PageRank algorithm for 5 iterations on a website graph of 50000 websites

]]></system-err>
  </testcase>
  <testcase name="testRandomTwentyThousand" classname="edu.coursera.distributed.SparkTest" time="0.034">
    <error message="getSubject is supported only if a security manager is allowed" type="java.lang.UnsupportedOperationException"><![CDATA[java.lang.UnsupportedOperationException: getSubject is supported only if a security manager is allowed
	at java.base/javax.security.auth.Subject.getSubject(Subject.java:347)
	at org.apache.hadoop.security.UserGroupInformation.getCurrentUser(UserGroupInformation.java:569)
	at org.apache.spark.util.Utils$$anonfun$getCurrentUserName$1.apply(Utils.scala:2160)
	at org.apache.spark.util.Utils$$anonfun$getCurrentUserName$1.apply(Utils.scala:2160)
	at scala.Option.getOrElse(Option.scala:120)
	at org.apache.spark.util.Utils$.getCurrentUserName(Utils.scala:2160)
	at org.apache.spark.SparkContext.<init>(SparkContext.scala:322)
	at org.apache.spark.api.java.JavaSparkContext.<init>(JavaSparkContext.scala:59)
	at edu.coursera.distributed.SparkTest.getSparkContext(SparkTest.java:38)
	at edu.coursera.distributed.SparkTest.testDriver(SparkTest.java:170)
	at edu.coursera.distributed.SparkTest.testRandomTwentyThousand(SparkTest.java:283)
]]></error>
    <system-err><![CDATA[Running the PageRank algorithm for 5 iterations on a website graph of 20000 websites

]]></system-err>
  </testcase>
  <testcase name="testRandomFiftyThousand" classname="edu.coursera.distributed.SparkTest" time="0.087">
    <error message="getSubject is supported only if a security manager is allowed" type="java.lang.UnsupportedOperationException"><![CDATA[java.lang.UnsupportedOperationException: getSubject is supported only if a security manager is allowed
	at java.base/javax.security.auth.Subject.getSubject(Subject.java:347)
	at org.apache.hadoop.security.UserGroupInformation.getCurrentUser(UserGroupInformation.java:569)
	at org.apache.spark.util.Utils$$anonfun$getCurrentUserName$1.apply(Utils.scala:2160)
	at org.apache.spark.util.Utils$$anonfun$getCurrentUserName$1.apply(Utils.scala:2160)
	at scala.Option.getOrElse(Option.scala:120)
	at org.apache.spark.util.Utils$.getCurrentUserName(Utils.scala:2160)
	at org.apache.spark.SparkContext.<init>(SparkContext.scala:322)
	at org.apache.spark.api.java.JavaSparkContext.<init>(JavaSparkContext.scala:59)
	at edu.coursera.distributed.SparkTest.getSparkContext(SparkTest.java:38)
	at edu.coursera.distributed.SparkTest.testDriver(SparkTest.java:170)
	at edu.coursera.distributed.SparkTest.testRandomFiftyThousand(SparkTest.java:294)
]]></error>
    <system-err><![CDATA[Running the PageRank algorithm for 5 iterations on a website graph of 50000 websites

]]></system-err>
  </testcase>
</testsuite>