<?xml version="1.0" encoding="UTF-8"?>
<testsuite name="edu.coursera.concurrent.ListSetTest" time="2.263" tests="6" errors="0" skipped="0" failures="3">
  <properties>
[...]
</properties>
  <testcase name="testCoarseGrainedLockingRandomLarge" classname="edu.coursera.concurrent.ListSetTest" time="0.384"/>
  <testcase name="testCoarseGrainedLockingRepeatingLarge" classname="edu.coursera.concurrent.ListSetTest" time="0.41"/>
  <testcase name="testReadWriteLocksRepeatingLarge" classname="edu.coursera.concurrent.ListSetTest" time="0.471">
    <failure message="Expected contains throughput improvement to be at least 1.800000x with read-write locks, but found 0.357143x" type="junit.framework.AssertionFailedError">junit.framework.AssertionFailedError: Expected contains throughput improvement to be at least 1.800000x with read-write locks, but found 0.357143x
	at junit.framework.Assert.fail(Assert.java:47)
	at junit.framework.Assert.assertTrue(Assert.java:20)
	at edu.coursera.concurrent.ListSetTest.testReadWriteLocksHelper(ListSetTest.java:224)
	at edu.coursera.concurrent.ListSetTest.testReadWriteLocksRepeatingLarge(ListSetTest.java:117)
</failure>
    <system-out><![CDATA[=========================================================
RWCoarseList vs. SyncList (Large Repeating)
=========================================================
# threads = 16
0.923076923076923x improvement in add throughput (12800.0 -> 11815.384615384615)
0.3571428571428571x improvement in contains throughput (15360.0 -> 5485.714285714285)
NaNx improvement in remove throughput (Infinity -> Infinity)
=========================================================
]]></system-out>
  </testcase>
  <testcase name="testReadWriteLocksRepeatingSmall" classname="edu.coursera.concurrent.ListSetTest" time="0.37">
    <failure message="Expected contains throughput improvement to be at least 1.800000x with read-write locks, but found 0.666667x" type="junit.framework.AssertionFailedError">junit.framework.AssertionFailedError: Expected contains throughput improvement to be at least 1.800000x with read-write locks, but found 0.666667x
	at junit.framework.Assert.fail(Assert.java:47)
	at junit.framework.Assert.assertTrue(Assert.java:20)
	at edu.coursera.concurrent.ListSetTest.testReadWriteLocksHelper(ListSetTest.java:224)
	at edu.coursera.concurrent.ListSetTest.testReadWriteLocksRepeatingSmall(ListSetTest.java:133)
</failure>
    <system-out><![CDATA[=========================================================
RWCoarseList vs. SyncList (Small Repeating)
=========================================================
# threads = 16
0.42857142857142855x improvement in add throughput (25600.0 -> 10971.42857142857)
0.6666666666666666x improvement in contains throughput (9600.0 -> 6400.0)
0.0x improvement in remove throughput (Infinity -> 38400.0)
=========================================================
]]></system-out>
  </testcase>
  <testcase name="testReadWriteLocksRandomLarge" classname="edu.coursera.concurrent.ListSetTest" time="0.327"/>
  <testcase name="testReadWriteLocksRandomSmall" classname="edu.coursera.concurrent.ListSetTest" time="0.301">
    <failure message="Expected contains throughput improvement to be at least 1.800000x with read-write locks, but found NaNx" type="junit.framework.AssertionFailedError">junit.framework.AssertionFailedError: Expected contains throughput improvement to be at least 1.800000x with read-write locks, but found NaNx
	at junit.framework.Assert.fail(Assert.java:47)
	at junit.framework.Assert.assertTrue(Assert.java:20)
	at edu.coursera.concurrent.ListSetTest.testReadWriteLocksHelper(ListSetTest.java:224)
	at edu.coursera.concurrent.ListSetTest.testReadWriteLocksRandomSmall(ListSetTest.java:101)
</failure>
    <system-out><![CDATA[=========================================================
RWCoarseList vs. SyncList (Small Random)
=========================================================
# threads = 16
1.6666666666666667x improvement in add throughput (1280.0 -> 2133.3333333333335)
NaNx improvement in contains throughput (Infinity -> Infinity)
0.5333333333333333x improvement in remove throughput (1600.0 -> 853.3333333333334)
=========================================================
]]></system-out>
  </testcase>
</testsuite>